[13:18:40] [Datafixer Bootstrap/INFO]: 226 Datafixer optimizations took 165 milliseconds
[13:18:43] [Render thread/INFO]: Environment: Environment[sessionHost=https://sessionserver.mojang.com, servicesHost=https://api.minecraftservices.com, name=PROD]
[13:18:43] [Render thread/INFO]: Setting user: FerrumUser21
[13:18:43] [Render thread/INFO]: Backend library: LWJGL version 3.3.3+5
[13:18:44] [Render thread/INFO]: Reloading ResourceManager: vanilla
[13:18:44] [Worker-Main-2/INFO]: Found unifont_all_no_pua-15.1.05.hex, loading
[13:18:44] [Worker-Main-7/INFO]: Found unifont_jp_patch-15.1.05.hex, loading
[13:18:45] [Render thread/WARN]: Missing sound for event: minecraft:item.goat_horn.play
[13:18:45] [Render thread/WARN]: Missing sound for event: minecraft:entity.goat.screaming.horn_break
[13:18:45] [Render thread/INFO]: OpenAL initialized on device Family 17h/19h HD Audio Controller Аналогове стерео
[13:18:45] [Render thread/INFO]: Sound engine started
[13:18:45] [Render thread/INFO]: Created: 1024x512x4 minecraft:textures/atlas/blocks.png-atlas
[13:18:45] [Render thread/INFO]: Created: 256x256x4 minecraft:textures/atlas/signs.png-atlas
[13:18:45] [Render thread/INFO]: Created: 512x512x4 minecraft:textures/atlas/banner_patterns.png-atlas
[13:18:45] [Render thread/INFO]: Created: 512x512x4 minecraft:textures/atlas/shield_patterns.png-atlas
[13:18:45] [Render thread/INFO]: Created: 1024x1024x4 minecraft:textures/atlas/armor_trims.png-atlas
[13:18:45] [Render thread/INFO]: Created: 256x256x4 minecraft:textures/atlas/chest.png-atlas
[13:18:45] [Render thread/INFO]: Created: 128x64x4 minecraft:textures/atlas/decorated_pot.png-atlas
[13:18:45] [Render thread/INFO]: Created: 512x256x4 minecraft:textures/atlas/beds.png-atlas
[13:18:45] [Render thread/INFO]: Created: 512x256x4 minecraft:textures/atlas/shulker_boxes.png-atlas
[13:18:45] [Render thread/INFO]: Created: 512x256x0 minecraft:textures/atlas/particles.png-atlas
[13:18:45] [Render thread/INFO]: Created: 512x256x0 minecraft:textures/atlas/paintings.png-atlas
[13:18:45] [Render thread/INFO]: Created: 256x128x0 minecraft:textures/atlas/mob_effects.png-atlas
[13:18:45] [Render thread/INFO]: Created: 64x64x0 minecraft:textures/atlas/map_decorations.png-atlas
[13:18:45] [Render thread/INFO]: Created: 1024x512x0 minecraft:textures/atlas/gui.png-atlas
[13:18:45] [Render thread/WARN]: Shader rendertype_entity_translucent_emissive could not find sampler named Sampler2 in the specified shader program.
